[12:04:57] [main/INFO]: Setting user: Player837
[12:04:58] [Client thread/INFO]: LWJGL Version: 2.9.1
[12:05:06] [Client thread/INFO]: Reloading ResourceManager: Default, FMLFileResourcePack:Forge Mod Loader, FMLFileResourcePack:Minecraft Forge, FMLFileResourcePack:AidensMod
[12:05:07] [Sound Library Loader/INFO]: Sound engine started
[12:05:07] [Client thread/INFO]: Created: 16x16 textures/blocks-atlas
[12:05:07] [Client thread/INFO]: Created: 16x16 textures/items-atlas
[12:05:08] [Client thread/INFO]: Reloading ResourceManager: Default, FMLFileResourcePack:Forge Mod Loader, FMLFileResourcePack:Minecraft Forge, FMLFileResourcePack:AidensMod
[12:05:08] [Client thread/INFO]: Created: 512x256 textures/blocks-atlas
[12:05:08] [Client thread/INFO]: Created: 256x256 textures/items-atlas
[12:05:09] [Sound Library Loader/INFO]: Sound engine started
[12:11:19] [Server thread/INFO]: Starting integrated minecraft server version 1.7.10
[12:11:19] [Server thread/INFO]: Generating keypair
[12:11:19] [Server thread/INFO]: Preparing start region for level 0
[12:11:20] [Server thread/INFO]: Changing view distance to 12, from 10
[12:11:20] [Server thread/INFO]: Player837[local:E:d7b34b91] logged in with entity id 66 at (1024.7235001803497, 50.0, 689.3835597483331)
[12:11:20] [Server thread/INFO]: Player837 joined the game
[12:11:22] [Server thread/INFO]: Player837 has just earned the achievement [Taking Inventory]
[12:11:22] [Client thread/INFO]: [CHAT] Player837 has just earned the achievement [Taking Inventory]
[12:11:30] [Client thread/WARN]: Failed to load texture: aiden:texture/armor/oArmor1.png
java.io.FileNotFoundException: aiden:texture/armor/oArmor1.png
	at net.minecraft.client.resources.FallbackResourceManager.getResource(FallbackResourceManager.java:65) ~[FallbackResourceManager.class:?]
	at net.minecraft.client.resources.SimpleReloadableResourceManager.getResource(SimpleReloadableResourceManager.java:67) ~[SimpleReloadableResourceManager.class:?]
	at net.minecraft.client.renderer.texture.SimpleTexture.loadTexture(SimpleTexture.java:35) ~[SimpleTexture.class:?]
	at net.minecraft.client.renderer.texture.TextureManager.loadTexture(TextureManager.java:89) [TextureManager.class:?]
	at net.minecraft.client.renderer.texture.TextureManager.bindTexture(TextureManager.java:45) [TextureManager.class:?]
	at net.minecraft.client.renderer.entity.Render.bindTexture(Render.java:60) [Render.class:?]
	at net.minecraft.client.renderer.entity.RenderPlayer.shouldRenderPass(RenderPlayer.java:70) [RenderPlayer.class:?]
	at net.minecraft.client.renderer.entity.RenderPlayer.shouldRenderPass(RenderPlayer.java:517) [RenderPlayer.class:?]
	at net.minecraft.client.renderer.entity.RendererLivingEntity.doRender(RendererLivingEntity.java:173) [RendererLivingEntity.class:?]
	at net.minecraft.client.renderer.entity.RenderPlayer.doRender(RenderPlayer.java:167) [RenderPlayer.class:?]
	at net.minecraft.client.renderer.entity.RenderPlayer.doRender(RenderPlayer.java:565) [RenderPlayer.class:?]
	at net.minecraft.client.renderer.entity.RenderManager.func_147939_a(RenderManager.java:300) [RenderManager.class:?]
	at net.minecraft.client.renderer.entity.RenderManager.renderEntityWithPosYaw(RenderManager.java:283) [RenderManager.class:?]
	at net.minecraft.client.gui.inventory.GuiInventory.func_147046_a(GuiInventory.java:112) [GuiInventory.class:?]
	at net.minecraft.client.gui.inventory.GuiContainerCreative.drawGuiContainerBackgroundLayer(GuiContainerCreative.java:839) [GuiContainerCreative.class:?]
	at net.minecraft.client.gui.inventory.GuiContainer.drawScreen(GuiContainer.java:93) [GuiContainer.class:?]
	at net.minecraft.client.renderer.InventoryEffectRenderer.drawScreen(InventoryEffectRenderer.java:44) [InventoryEffectRenderer.class:?]
	at net.minecraft.client.gui.inventory.GuiContainerCreative.drawScreen(GuiContainerCreative.java:673) [GuiContainerCreative.class:?]
	at net.minecraft.client.renderer.EntityRenderer.updateCameraAndRender(EntityRenderer.java:1137) [EntityRenderer.class:?]
	at net.minecraft.client.Minecraft.runGameLoop(Minecraft.java:1067) [Minecraft.class:?]
	at net.minecraft.client.Minecraft.run(Minecraft.java:962) [Minecraft.class:?]
	at net.minecraft.client.main.Main.main(Main.java:164) [Main.class:?]
	at sun.reflect.NativeMethodAccessorImpl.invoke0(Native Method) ~[?:1.8.0_51]
	at sun.reflect.NativeMethodAccessorImpl.invoke(NativeMethodAccessorImpl.java:62) ~[?:1.8.0_51]
	at sun.reflect.DelegatingMethodAccessorImpl.invoke(DelegatingMethodAccessorImpl.java:43) ~[?:1.8.0_51]
	at java.lang.reflect.Method.invoke(Method.java:497) ~[?:1.8.0_51]
	at net.minecraft.launchwrapper.Launch.launch(Launch.java:135) [launchwrapper-1.12.jar:?]
	at net.minecraft.launchwrapper.Launch.main(Launch.java:28) [launchwrapper-1.12.jar:?]
	at net.minecraftforge.gradle.GradleStartCommon.launch(Unknown Source) [start/:?]
	at GradleStart.main(Unknown Source) [start/:?]
[12:11:30] [Client thread/WARN]: Failed to load texture: aiden:texture/armor/oArmor2.png
java.io.FileNotFoundException: aiden:texture/armor/oArmor2.png
	at net.minecraft.client.resources.FallbackResourceManager.getResource(FallbackResourceManager.java:65) ~[FallbackResourceManager.class:?]
	at net.minecraft.client.resources.SimpleReloadableResourceManager.getResource(SimpleReloadableResourceManager.java:67) ~[SimpleReloadableResourceManager.class:?]
	at net.minecraft.client.renderer.texture.SimpleTexture.loadTexture(SimpleTexture.java:35) ~[SimpleTexture.class:?]
	at net.minecraft.client.renderer.texture.TextureManager.loadTexture(TextureManager.java:89) [TextureManager.class:?]
	at net.minecraft.client.renderer.texture.TextureManager.bindTexture(TextureManager.java:45) [TextureManager.class:?]
	at net.minecraft.client.renderer.entity.Render.bindTexture(Render.java:60) [Render.class:?]
	at net.minecraft.client.renderer.entity.RenderPlayer.shouldRenderPass(RenderPlayer.java:70) [RenderPlayer.class:?]
	at net.minecraft.client.renderer.entity.RenderPlayer.shouldRenderPass(RenderPlayer.java:517) [RenderPlayer.class:?]
	at net.minecraft.client.renderer.entity.RendererLivingEntity.doRender(RendererLivingEntity.java:173) [RendererLivingEntity.class:?]
	at net.minecraft.client.renderer.entity.RenderPlayer.doRender(RenderPlayer.java:167) [RenderPlayer.class:?]
	at net.minecraft.client.renderer.entity.RenderPlayer.doRender(RenderPlayer.java:565) [RenderPlayer.class:?]
	at net.minecraft.client.renderer.entity.RenderManager.func_147939_a(RenderManager.java:300) [RenderManager.class:?]
	at net.minecraft.client.renderer.entity.RenderManager.renderEntityWithPosYaw(RenderManager.java:283) [RenderManager.class:?]
	at net.minecraft.client.gui.inventory.GuiInventory.func_147046_a(GuiInventory.java:112) [GuiInventory.class:?]
	at net.minecraft.client.gui.inventory.GuiContainerCreative.drawGuiContainerBackgroundLayer(GuiContainerCreative.java:839) [GuiContainerCreative.class:?]
	at net.minecraft.client.gui.inventory.GuiContainer.drawScreen(GuiContainer.java:93) [GuiContainer.class:?]
	at net.minecraft.client.renderer.InventoryEffectRenderer.drawScreen(InventoryEffectRenderer.java:44) [InventoryEffectRenderer.class:?]
	at net.minecraft.client.gui.inventory.GuiContainerCreative.drawScreen(GuiContainerCreative.java:673) [GuiContainerCreative.class:?]
	at net.minecraft.client.renderer.EntityRenderer.updateCameraAndRender(EntityRenderer.java:1137) [EntityRenderer.class:?]
	at net.minecraft.client.Minecraft.runGameLoop(Minecraft.java:1067) [Minecraft.class:?]
	at net.minecraft.client.Minecraft.run(Minecraft.java:962) [Minecraft.class:?]
	at net.minecraft.client.main.Main.main(Main.java:164) [Main.class:?]
	at sun.reflect.NativeMethodAccessorImpl.invoke0(Native Method) ~[?:1.8.0_51]
	at sun.reflect.NativeMethodAccessorImpl.invoke(NativeMethodAccessorImpl.java:62) ~[?:1.8.0_51]
	at sun.reflect.DelegatingMethodAccessorImpl.invoke(DelegatingMethodAccessorImpl.java:43) ~[?:1.8.0_51]
	at java.lang.reflect.Method.invoke(Method.java:497) ~[?:1.8.0_51]
	at net.minecraft.launchwrapper.Launch.launch(Launch.java:135) [launchwrapper-1.12.jar:?]
	at net.minecraft.launchwrapper.Launch.main(Launch.java:28) [launchwrapper-1.12.jar:?]
	at net.minecraftforge.gradle.GradleStartCommon.launch(Unknown Source) [start/:?]
	at GradleStart.main(Unknown Source) [start/:?]
[12:12:29] [Client thread/INFO]: Stopping!
[12:12:29] [Server thread/INFO]: Stopping server
[12:12:29] [Server thread/INFO]: Saving players
[12:12:29] [Server thread/INFO]: Saving worlds
[12:12:29] [Server thread/INFO]: Saving chunks for level 'MI MOD'/Overworld
[12:12:29] [Server thread/INFO]: Saving chunks for level 'MI MOD'/Nether
[12:12:29] [Server thread/INFO]: Saving chunks for level 'MI MOD'/The End
